c:\users\sean\desktop\softwareengineering\lab4\lab4 - entity component system\lab4 - entity component system\debug\vc142.pdb
c:\users\sean\desktop\softwareengineering\lab4\lab4 - entity component system\lab4 - entity component system\debug\vc142.idb
c:\users\sean\desktop\softwareengineering\lab4\lab4 - entity component system\lab4 - entity component system\debug\main.obj
c:\users\sean\desktop\softwareengineering\lab4\lab4 - entity component system\lab4 - entity component system\debug\healthsystem.obj
c:\users\sean\desktop\softwareengineering\lab4\lab4 - entity component system\lab4 - entity component system\debug\healthcomponent.obj
c:\users\sean\desktop\softwareengineering\lab4\lab4 - entity component system\lab4 - entity component system\debug\game.obj
c:\users\sean\desktop\softwareengineering\lab4\lab4 - entity component system\lab4 - entity component system\debug\entity.obj
c:\users\sean\desktop\softwareengineering\lab4\lab4 - entity component system\lab4 - entity component system\debug\component.obj
c:\users\sean\desktop\softwareengineering\lab4\lab4 - entity component system\lab4 - entity component system\debug\vector2.obj
c:\users\sean\desktop\softwareengineering\lab4\lab4 - entity component system\lab4 - entity component system\debug\positioncomponent.obj
c:\users\sean\desktop\softwareengineering\lab4\lab4 - entity component system\lab4 - entity component system\debug\rendersystem.obj
c:\users\sean\desktop\softwareengineering\lab4\lab4 - entity component system\lab4 - entity component system\debug\controlsystem.obj
c:\users\sean\desktop\softwareengineering\lab4\lab4 - entity component system\lab4 - entity component system\debug\aisystem.obj
c:\users\sean\desktop\softwareengineering\lab4\lab4 - entity component system\lab4 - entity component system\debug\inputcomponent.obj
c:\users\sean\desktop\softwareengineering\lab4\lab4 - entity component system\debug\lab4 - entity component system.exe
c:\users\sean\desktop\softwareengineering\lab4\lab4 - entity component system\debug\lab4 - entity component system.ilk
c:\users\sean\desktop\softwareengineering\lab4\lab4 - entity component system\debug\lab4 - entity component system.pdb
c:\users\sean\desktop\softwareengineering\lab4\lab4 - entity component system\lab4 - entity component system\debug\lab4 - e.6a6d7bdb.tlog\cl.command.1.tlog
c:\users\sean\desktop\softwareengineering\lab4\lab4 - entity component system\lab4 - entity component system\debug\lab4 - e.6a6d7bdb.tlog\cl.read.1.tlog
c:\users\sean\desktop\softwareengineering\lab4\lab4 - entity component system\lab4 - entity component system\debug\lab4 - e.6a6d7bdb.tlog\cl.write.1.tlog
c:\users\sean\desktop\softwareengineering\lab4\lab4 - entity component system\lab4 - entity component system\debug\lab4 - e.6a6d7bdb.tlog\link.command.1.tlog
c:\users\sean\desktop\softwareengineering\lab4\lab4 - entity component system\lab4 - entity component system\debug\lab4 - e.6a6d7bdb.tlog\link.read.1.tlog
c:\users\sean\desktop\softwareengineering\lab4\lab4 - entity component system\lab4 - entity component system\debug\lab4 - e.6a6d7bdb.tlog\link.write.1.tlog
